[ 2016-11-22T14:42:30+08:00 ] /index.php?a=indexx&m=index&gameid=485 | NOTIC: [8192] preg_replace(): The /e modifier is deprecated, use preg_replace_callback instead common.php 第 66 行.
[ 2016-11-22T14:42:30+08:00 ] /index.php?a=indexx&m=index&gameid=485 | INFO: Tag[ app_begin ] --START--
[ 2016-11-22T14:42:30+08:00 ] /index.php?a=indexx&m=index&gameid=485 | INFO: Run ReadHtmlCache Behavior [ RunTime:0.001000s ]
[ 2016-11-22T14:42:30+08:00 ] /index.php?a=indexx&m=index&gameid=485 | INFO: Tag[ app_begin ] --END-- [ RunTime:0.001000s ]
[ 2016-11-22T14:42:30+08:00 ] /index.php?a=indexx&m=index&gameid=485 | NOTIC: [8] Undefined index: gtypeid IndexAction.class.php 第 25 行.
[ 2016-11-22T14:42:30+08:00 ] /index.php?a=indexx&m=index&gameid=485 | NOTIC: [8192] mysql_connect(): The mysql extension is deprecated and will be removed in the future: use mysqli or PDO instead DbMysql.class.php 第 67 行.
[ 2016-11-22T14:42:31+08:00 ] /index.php?a=indexx&m=index&gameid=485 | SQL: SHOW COLUMNS FROM `djzj_users` [ RunTime:0.004000s ]
[ 2016-11-22T14:42:31+08:00 ] /index.php?a=indexx&m=index&gameid=485 | NOTIC: [8192] preg_replace(): The /e modifier is deprecated, use preg_replace_callback instead Db.class.php 第 660 行.
[ 2016-11-22T14:42:31+08:00 ] /index.php?a=indexx&m=index&gameid=485 | SQL: SELECT * FROM `djzj_users` WHERE userId=2 LIMIT 1   [ RunTime:0.001001s ]
[ 2016-11-22T14:42:31+08:00 ] /index.php?a=indexx&m=index&gameid=485 | SQL: SHOW COLUMNS FROM `djzj_user_golds_record` [ RunTime:0.003000s ]
[ 2016-11-22T14:42:31+08:00 ] /index.php?a=indexx&m=index&gameid=485 | NOTIC: [8192] preg_replace(): The /e modifier is deprecated, use preg_replace_callback instead Db.class.php 第 660 行.
[ 2016-11-22T14:42:31+08:00 ] /index.php?a=indexx&m=index&gameid=485 | SQL: SELECT * FROM `djzj_user_golds_record` WHERE fromid=8 and userId=2 LIMIT 1   [ RunTime:0.000000s ]
[ 2016-11-22T14:42:31+08:00 ] /index.php?a=indexx&m=index&gameid=485 | SQL: SHOW COLUMNS FROM `djzj_game_shuizong` [ RunTime:0.003000s ]
[ 2016-11-22T14:42:31+08:00 ] /index.php?a=indexx&m=index&gameid=485 | NOTIC: [8192] preg_replace(): The /e modifier is deprecated, use preg_replace_callback instead Db.class.php 第 660 行.
[ 2016-11-22T14:42:31+08:00 ] /index.php?a=indexx&m=index&gameid=485 | SQL: SELECT * FROM `djzj_game_shuizong` WHERE thisday=20161122 and state=1 LIMIT 1   [ RunTime:0.000000s ]
[ 2016-11-22T14:42:31+08:00 ] /index.php?a=indexx&m=index&gameid=485 | SQL: SHOW COLUMNS FROM `djzj_big_mess` [ RunTime:0.003000s ]
[ 2016-11-22T14:42:31+08:00 ] /index.php?a=indexx&m=index&gameid=485 | NOTIC: [8192] preg_replace(): The /e modifier is deprecated, use preg_replace_callback instead Db.class.php 第 660 行.
[ 2016-11-22T14:42:31+08:00 ] /index.php?a=indexx&m=index&gameid=485 | SQL: SELECT * FROM `djzj_big_mess` ORDER BY id desc LIMIT 1   [ RunTime:0.001000s ]
[ 2016-11-22T14:42:31+08:00 ] /index.php?a=indexx&m=index&gameid=485 | SQL: SHOW COLUMNS FROM `djzj_big_mess_rec` [ RunTime:0.003000s ]
[ 2016-11-22T14:42:31+08:00 ] /index.php?a=indexx&m=index&gameid=485 | NOTIC: [8192] preg_replace(): The /e modifier is deprecated, use preg_replace_callback instead Db.class.php 第 660 行.
[ 2016-11-22T14:42:31+08:00 ] /index.php?a=indexx&m=index&gameid=485 | SQL: SELECT * FROM `djzj_big_mess_rec` WHERE uid=2 and mid=3 LIMIT 1   [ RunTime:0.001000s ]
[ 2016-11-22T14:42:31+08:00 ] /index.php?a=indexx&m=index&gameid=485 | SQL: SHOW COLUMNS FROM `djzj_games` [ RunTime:0.003001s ]
[ 2016-11-22T14:42:31+08:00 ] /index.php?a=indexx&m=index&gameid=485 | NOTIC: [8192] preg_replace(): The /e modifier is deprecated, use preg_replace_callback instead Db.class.php 第 660 行.
[ 2016-11-22T14:42:31+08:00 ] /index.php?a=indexx&m=index&gameid=485 | SQL: SELECT * FROM `djzj_games` WHERE gameId=485 LIMIT 1   [ RunTime:0.001000s ]
[ 2016-11-22T14:42:31+08:00 ] /index.php?a=indexx&m=index&gameid=485 | SQL: SHOW COLUMNS FROM `djzj_teams` [ RunTime:0.003000s ]
[ 2016-11-22T14:42:31+08:00 ] /index.php?a=indexx&m=index&gameid=485 | NOTIC: [8192] preg_replace(): The /e modifier is deprecated, use preg_replace_callback instead Db.class.php 第 660 行.
[ 2016-11-22T14:42:31+08:00 ] /index.php?a=indexx&m=index&gameid=485 | SQL: SELECT * FROM `djzj_teams` WHERE teamId=123 LIMIT 1   [ RunTime:0.000000s ]
[ 2016-11-22T14:42:31+08:00 ] /index.php?a=indexx&m=index&gameid=485 | SQL: SHOW COLUMNS FROM `djzj_ptlogo` [ RunTime:0.004000s ]
[ 2016-11-22T14:42:31+08:00 ] /index.php?a=indexx&m=index&gameid=485 | NOTIC: [8192] preg_replace(): The /e modifier is deprecated, use preg_replace_callback instead Db.class.php 第 660 行.
[ 2016-11-22T14:42:31+08:00 ] /index.php?a=indexx&m=index&gameid=485 | SQL: SELECT * FROM `djzj_ptlogo` WHERE id=2 LIMIT 1   [ RunTime:0.000000s ]
[ 2016-11-22T14:42:31+08:00 ] /index.php?a=indexx&m=index&gameid=485 | SQL: SHOW COLUMNS FROM `djzj_game_ju` [ RunTime:0.004000s ]
[ 2016-11-22T14:42:31+08:00 ] /index.php?a=indexx&m=index&gameid=485 | NOTIC: [8192] preg_replace(): The /e modifier is deprecated, use preg_replace_callback instead Db.class.php 第 660 行.
[ 2016-11-22T14:42:31+08:00 ] /index.php?a=indexx&m=index&gameid=485 | SQL: SELECT * FROM `djzj_game_ju` WHERE gameid=485 and starttime<=1479796951 and endtime>=1479796951 and state=1 ORDER BY displayOrder asc,id desc  [ RunTime:0.001000s ]
[ 2016-11-22T14:42:31+08:00 ] /index.php?a=indexx&m=index&gameid=485 | SQL: SHOW COLUMNS FROM `djzj_game_cstate` [ RunTime:0.004001s ]
[ 2016-11-22T14:42:31+08:00 ] /index.php?a=indexx&m=index&gameid=485 | NOTIC: [8192] preg_replace(): The /e modifier is deprecated, use preg_replace_callback instead Db.class.php 第 660 行.
[ 2016-11-22T14:42:31+08:00 ] /index.php?a=indexx&m=index&gameid=485 | SQL: SELECT * FROM `djzj_game_cstate` WHERE id=1 LIMIT 1   [ RunTime:0.000000s ]
[ 2016-11-22T14:42:31+08:00 ] /index.php?a=indexx&m=index&gameid=485 | NOTIC: [8] Undefined variable: real_zong_ren IndexAction.class.php 第 552 行.
[ 2016-11-22T14:42:31+08:00 ] /index.php?a=indexx&m=index&gameid=485 | NOTIC: [8] Undefined variable: real_zong_jinbi IndexAction.class.php 第 553 行.
[ 2016-11-22T14:42:31+08:00 ] /index.php?a=indexx&m=index&gameid=485 | INFO: Tag[ view_template ] --START--
[ 2016-11-22T14:42:31+08:00 ] /index.php?a=indexx&m=index&gameid=485 | INFO: Run LocationTemplate Behavior [ RunTime:0.001000s ]
[ 2016-11-22T14:42:31+08:00 ] /index.php?a=indexx&m=index&gameid=485 | INFO: Tag[ view_template ] --END-- [ RunTime:0.001000s ]
[ 2016-11-22T14:42:31+08:00 ] /index.php?a=indexx&m=index&gameid=485 | INFO: Tag[ view_parse ] --START--
[ 2016-11-22T14:42:31+08:00 ] /index.php?a=indexx&m=index&gameid=485 | NOTIC: [8192] preg_replace(): The /e modifier is deprecated, use preg_replace_callback instead ThinkTemplate.class.php 第 186 行.
[ 2016-11-22T14:42:31+08:00 ] /index.php?a=indexx&m=index&gameid=485 | NOTIC: [8192] preg_replace(): The /e modifier is deprecated, use preg_replace_callback instead ThinkTemplate.class.php 第 406 行.
[ 2016-11-22T14:42:31+08:00 ] /index.php?a=indexx&m=index&gameid=485 | NOTIC: [8192] preg_replace(): The /e modifier is deprecated, use preg_replace_callback instead ThinkTemplate.class.php 第 406 行.
[ 2016-11-22T14:42:31+08:00 ] /index.php?a=indexx&m=index&gameid=485 | NOTIC: [8192] preg_replace(): The /e modifier is deprecated, use preg_replace_callback instead ThinkTemplate.class.php 第 186 行.
[ 2016-11-22T14:42:31+08:00 ] /index.php?a=indexx&m=index&gameid=485 | NOTIC: [8192] preg_replace(): The /e modifier is deprecated, use preg_replace_callback instead ThinkTemplate.class.php 第 406 行.
[ 2016-11-22T14:42:31+08:00 ] /index.php?a=indexx&m=index&gameid=485 | NOTIC: [8192] preg_replace(): The /e modifier is deprecated, use preg_replace_callback instead ThinkTemplate.class.php 第 406 行.
[ 2016-11-22T14:42:31+08:00 ] /index.php?a=indexx&m=index&gameid=485 | NOTIC: [8192] preg_replace(): The /e modifier is deprecated, use preg_replace_callback instead ThinkTemplate.class.php 第 406 行.
[ 2016-11-22T14:42:31+08:00 ] /index.php?a=indexx&m=index&gameid=485 | NOTIC: [8192] preg_replace(): The /e modifier is deprecated, use preg_replace_callback instead ThinkTemplate.class.php 第 406 行.
[ 2016-11-22T14:42:31+08:00 ] /index.php?a=indexx&m=index&gameid=485 | NOTIC: [8192] preg_replace(): The /e modifier is deprecated, use preg_replace_callback instead ThinkTemplate.class.php 第 406 行.
[ 2016-11-22T14:42:31+08:00 ] /index.php?a=indexx&m=index&gameid=485 | NOTIC: [8192] preg_replace(): The /e modifier is deprecated, use preg_replace_callback instead ThinkTemplate.class.php 第 406 行.
[ 2016-11-22T14:42:31+08:00 ] /index.php?a=indexx&m=index&gameid=485 | NOTIC: [8192] preg_replace(): The /e modifier is deprecated, use preg_replace_callback instead ThinkTemplate.class.php 第 406 行.
[ 2016-11-22T14:42:31+08:00 ] /index.php?a=indexx&m=index&gameid=485 | NOTIC: [8192] preg_replace(): The /e modifier is deprecated, use preg_replace_callback instead ThinkTemplate.class.php 第 406 行.
[ 2016-11-22T14:42:31+08:00 ] /index.php?a=indexx&m=index&gameid=485 | NOTIC: [8192] preg_replace(): The /e modifier is deprecated, use preg_replace_callback instead ThinkTemplate.class.php 第 406 行.
[ 2016-11-22T14:42:31+08:00 ] /index.php?a=indexx&m=index&gameid=485 | NOTIC: [8192] preg_replace(): The /e modifier is deprecated, use preg_replace_callback instead ThinkTemplate.class.php 第 402 行.
[ 2016-11-22T14:42:31+08:00 ] /index.php?a=indexx&m=index&gameid=485 | NOTIC: [8192] preg_replace(): The /e modifier is deprecated, use preg_replace_callback instead ThinkTemplate.class.php 第 402 行.
[ 2016-11-22T14:42:31+08:00 ] /index.php?a=indexx&m=index&gameid=485 | NOTIC: [8192] preg_replace(): The /e modifier is deprecated, use preg_replace_callback instead ThinkTemplate.class.php 第 406 行.
[ 2016-11-22T14:42:31+08:00 ] /index.php?a=indexx&m=index&gameid=485 | NOTIC: [8192] preg_replace(): The /e modifier is deprecated, use preg_replace_callback instead ThinkTemplate.class.php 第 406 行.
[ 2016-11-22T14:42:31+08:00 ] /index.php?a=indexx&m=index&gameid=485 | NOTIC: [8192] preg_replace(): The /e modifier is deprecated, use preg_replace_callback instead ThinkTemplate.class.php 第 406 行.
[ 2016-11-22T14:42:31+08:00 ] /index.php?a=indexx&m=index&gameid=485 | NOTIC: [8192] preg_replace(): The /e modifier is deprecated, use preg_replace_callback instead ThinkTemplate.class.php 第 402 行.
[ 2016-11-22T14:42:31+08:00 ] /index.php?a=indexx&m=index&gameid=485 | NOTIC: [8192] preg_replace(): The /e modifier is deprecated, use preg_replace_callback instead ThinkTemplate.class.php 第 406 行.
[ 2016-11-22T14:42:31+08:00 ] /index.php?a=indexx&m=index&gameid=485 | NOTIC: [8192] preg_replace(): The /e modifier is deprecated, use preg_replace_callback instead ThinkTemplate.class.php 第 406 行.
[ 2016-11-22T14:42:31+08:00 ] /index.php?a=indexx&m=index&gameid=485 | NOTIC: [8192] preg_replace(): The /e modifier is deprecated, use preg_replace_callback instead ThinkTemplate.class.php 第 406 行.
[ 2016-11-22T14:42:31+08:00 ] /index.php?a=indexx&m=index&gameid=485 | NOTIC: [8192] preg_replace(): The /e modifier is deprecated, use preg_replace_callback instead ThinkTemplate.class.php 第 406 行.
[ 2016-11-22T14:42:31+08:00 ] /index.php?a=indexx&m=index&gameid=485 | NOTIC: [8192] preg_replace(): The /e modifier is deprecated, use preg_replace_callback instead ThinkTemplate.class.php 第 406 行.
[ 2016-11-22T14:42:31+08:00 ] /index.php?a=indexx&m=index&gameid=485 | NOTIC: [8192] preg_replace(): The /e modifier is deprecated, use preg_replace_callback instead ThinkTemplate.class.php 第 406 行.
[ 2016-11-22T14:42:31+08:00 ] /index.php?a=indexx&m=index&gameid=485 | NOTIC: [8192] preg_replace(): The /e modifier is deprecated, use preg_replace_callback instead ThinkTemplate.class.php 第 406 行.
[ 2016-11-22T14:42:31+08:00 ] /index.php?a=indexx&m=index&gameid=485 | NOTIC: [8192] preg_replace(): The /e modifier is deprecated, use preg_replace_callback instead ThinkTemplate.class.php 第 406 行.
[ 2016-11-22T14:42:31+08:00 ] /index.php?a=indexx&m=index&gameid=485 | NOTIC: [8192] preg_replace(): The /e modifier is deprecated, use preg_replace_callback instead ThinkTemplate.class.php 第 406 行.
[ 2016-11-22T14:42:31+08:00 ] /index.php?a=indexx&m=index&gameid=485 | NOTIC: [8192] preg_replace(): The /e modifier is deprecated, use preg_replace_callback instead ThinkTemplate.class.php 第 406 行.
[ 2016-11-22T14:42:31+08:00 ] /index.php?a=indexx&m=index&gameid=485 | NOTIC: [8192] preg_replace(): The /e modifier is deprecated, use preg_replace_callback instead ThinkTemplate.class.php 第 406 行.
[ 2016-11-22T14:42:31+08:00 ] /index.php?a=indexx&m=index&gameid=485 | NOTIC: [8192] preg_replace(): The /e modifier is deprecated, use preg_replace_callback instead ThinkTemplate.class.php 第 406 行.
[ 2016-11-22T14:42:31+08:00 ] /index.php?a=indexx&m=index&gameid=485 | NOTIC: [8192] preg_replace(): The /e modifier is deprecated, use preg_replace_callback instead ThinkTemplate.class.php 第 406 行.
[ 2016-11-22T14:42:31+08:00 ] /index.php?a=indexx&m=index&gameid=485 | NOTIC: [8192] preg_replace(): The /e modifier is deprecated, use preg_replace_callback instead ThinkTemplate.class.php 第 406 行.
[ 2016-11-22T14:42:31+08:00 ] /index.php?a=indexx&m=index&gameid=485 | NOTIC: [8192] preg_replace(): The /e modifier is deprecated, use preg_replace_callback instead ThinkTemplate.class.php 第 406 行.
[ 2016-11-22T14:42:31+08:00 ] /index.php?a=indexx&m=index&gameid=485 | NOTIC: [8192] preg_replace(): The /e modifier is deprecated, use preg_replace_callback instead ThinkTemplate.class.php 第 406 行.
[ 2016-11-22T14:42:31+08:00 ] /index.php?a=indexx&m=index&gameid=485 | NOTIC: [8192] preg_replace(): The /e modifier is deprecated, use preg_replace_callback instead ThinkTemplate.class.php 第 406 行.
[ 2016-11-22T14:42:31+08:00 ] /index.php?a=indexx&m=index&gameid=485 | NOTIC: [8192] preg_replace(): The /e modifier is deprecated, use preg_replace_callback instead ThinkTemplate.class.php 第 406 行.
[ 2016-11-22T14:42:31+08:00 ] /index.php?a=indexx&m=index&gameid=485 | NOTIC: [8192] preg_replace(): The /e modifier is deprecated, use preg_replace_callback instead ThinkTemplate.class.php 第 406 行.
[ 2016-11-22T14:42:31+08:00 ] /index.php?a=indexx&m=index&gameid=485 | NOTIC: [8192] preg_replace(): The /e modifier is deprecated, use preg_replace_callback instead ThinkTemplate.class.php 第 406 行.
[ 2016-11-22T14:42:31+08:00 ] /index.php?a=indexx&m=index&gameid=485 | NOTIC: [8192] preg_replace(): The /e modifier is deprecated, use preg_replace_callback instead ThinkTemplate.class.php 第 406 行.
[ 2016-11-22T14:42:31+08:00 ] /index.php?a=indexx&m=index&gameid=485 | NOTIC: [8192] preg_replace(): The /e modifier is deprecated, use preg_replace_callback instead ThinkTemplate.class.php 第 406 行.
[ 2016-11-22T14:42:31+08:00 ] /index.php?a=indexx&m=index&gameid=485 | NOTIC: [8192] preg_replace(): The /e modifier is deprecated, use preg_replace_callback instead ThinkTemplate.class.php 第 406 行.
[ 2016-11-22T14:42:31+08:00 ] /index.php?a=indexx&m=index&gameid=485 | NOTIC: [8192] preg_replace(): The /e modifier is deprecated, use preg_replace_callback instead ThinkTemplate.class.php 第 406 行.
[ 2016-11-22T14:42:31+08:00 ] /index.php?a=indexx&m=index&gameid=485 | NOTIC: [8192] preg_replace(): The /e modifier is deprecated, use preg_replace_callback instead ThinkTemplate.class.php 第 406 行.
[ 2016-11-22T14:42:31+08:00 ] /index.php?a=indexx&m=index&gameid=485 | NOTIC: [8192] preg_replace(): The /e modifier is deprecated, use preg_replace_callback instead ThinkTemplate.class.php 第 406 行.
[ 2016-11-22T14:42:31+08:00 ] /index.php?a=indexx&m=index&gameid=485 | NOTIC: [8192] preg_replace(): The /e modifier is deprecated, use preg_replace_callback instead ThinkTemplate.class.php 第 406 行.
[ 2016-11-22T14:42:31+08:00 ] /index.php?a=indexx&m=index&gameid=485 | NOTIC: [8192] preg_replace(): The /e modifier is deprecated, use preg_replace_callback instead ThinkTemplate.class.php 第 406 行.
[ 2016-11-22T14:42:31+08:00 ] /index.php?a=indexx&m=index&gameid=485 | NOTIC: [8192] preg_replace(): The /e modifier is deprecated, use preg_replace_callback instead ThinkTemplate.class.php 第 406 行.
[ 2016-11-22T14:42:31+08:00 ] /index.php?a=indexx&m=index&gameid=485 | NOTIC: [8192] preg_replace(): The /e modifier is deprecated, use preg_replace_callback instead ThinkTemplate.class.php 第 406 行.
[ 2016-11-22T14:42:31+08:00 ] /index.php?a=indexx&m=index&gameid=485 | NOTIC: [8192] preg_replace(): The /e modifier is deprecated, use preg_replace_callback instead ThinkTemplate.class.php 第 406 行.
[ 2016-11-22T14:42:31+08:00 ] /index.php?a=indexx&m=index&gameid=485 | NOTIC: [8192] preg_replace(): The /e modifier is deprecated, use preg_replace_callback instead ThinkTemplate.class.php 第 406 行.
[ 2016-11-22T14:42:31+08:00 ] /index.php?a=indexx&m=index&gameid=485 | NOTIC: [8192] preg_replace(): The /e modifier is deprecated, use preg_replace_callback instead ThinkTemplate.class.php 第 406 行.
[ 2016-11-22T14:42:31+08:00 ] /index.php?a=indexx&m=index&gameid=485 | NOTIC: [8192] preg_replace(): The /e modifier is deprecated, use preg_replace_callback instead ThinkTemplate.class.php 第 406 行.
[ 2016-11-22T14:42:31+08:00 ] /index.php?a=indexx&m=index&gameid=485 | NOTIC: [8192] preg_replace(): The /e modifier is deprecated, use preg_replace_callback instead ThinkTemplate.class.php 第 406 行.
[ 2016-11-22T14:42:31+08:00 ] /index.php?a=indexx&m=index&gameid=485 | NOTIC: [8192] preg_replace(): The /e modifier is deprecated, use preg_replace_callback instead ThinkTemplate.class.php 第 406 行.
[ 2016-11-22T14:42:31+08:00 ] /index.php?a=indexx&m=index&gameid=485 | NOTIC: [8192] preg_replace(): The /e modifier is deprecated, use preg_replace_callback instead ThinkTemplate.class.php 第 406 行.
[ 2016-11-22T14:42:31+08:00 ] /index.php?a=indexx&m=index&gameid=485 | NOTIC: [8192] preg_replace(): The /e modifier is deprecated, use preg_replace_callback instead ThinkTemplate.class.php 第 406 行.
[ 2016-11-22T14:42:31+08:00 ] /index.php?a=indexx&m=index&gameid=485 | NOTIC: [8192] preg_replace(): The /e modifier is deprecated, use preg_replace_callback instead ThinkTemplate.class.php 第 406 行.
[ 2016-11-22T14:42:31+08:00 ] /index.php?a=indexx&m=index&gameid=485 | NOTIC: [8192] preg_replace(): The /e modifier is deprecated, use preg_replace_callback instead ThinkTemplate.class.php 第 406 行.
[ 2016-11-22T14:42:31+08:00 ] /index.php?a=indexx&m=index&gameid=485 | NOTIC: [8192] preg_replace(): The /e modifier is deprecated, use preg_replace_callback instead ThinkTemplate.class.php 第 406 行.
[ 2016-11-22T14:42:31+08:00 ] /index.php?a=indexx&m=index&gameid=485 | NOTIC: [8192] preg_replace(): The /e modifier is deprecated, use preg_replace_callback instead ThinkTemplate.class.php 第 406 行.
[ 2016-11-22T14:42:31+08:00 ] /index.php?a=indexx&m=index&gameid=485 | NOTIC: [8192] preg_replace(): The /e modifier is deprecated, use preg_replace_callback instead ThinkTemplate.class.php 第 406 行.
[ 2016-11-22T14:42:31+08:00 ] /index.php?a=indexx&m=index&gameid=485 | NOTIC: [8192] preg_replace(): The /e modifier is deprecated, use preg_replace_callback instead ThinkTemplate.class.php 第 406 行.
[ 2016-11-22T14:42:31+08:00 ] /index.php?a=indexx&m=index&gameid=485 | NOTIC: [8192] preg_replace(): The /e modifier is deprecated, use preg_replace_callback instead ThinkTemplate.class.php 第 406 行.
[ 2016-11-22T14:42:31+08:00 ] /index.php?a=indexx&m=index&gameid=485 | NOTIC: [8192] preg_replace(): The /e modifier is deprecated, use preg_replace_callback instead ThinkTemplate.class.php 第 406 行.
[ 2016-11-22T14:42:31+08:00 ] /index.php?a=indexx&m=index&gameid=485 | NOTIC: [8192] preg_replace(): The /e modifier is deprecated, use preg_replace_callback instead ThinkTemplate.class.php 第 406 行.
[ 2016-11-22T14:42:31+08:00 ] /index.php?a=indexx&m=index&gameid=485 | NOTIC: [8192] preg_replace(): The /e modifier is deprecated, use preg_replace_callback instead ThinkTemplate.class.php 第 406 行.
[ 2016-11-22T14:42:31+08:00 ] /index.php?a=indexx&m=index&gameid=485 | NOTIC: [8192] preg_replace(): The /e modifier is deprecated, use preg_replace_callback instead ThinkTemplate.class.php 第 406 行.
[ 2016-11-22T14:42:31+08:00 ] /index.php?a=indexx&m=index&gameid=485 | NOTIC: [8192] preg_replace(): The /e modifier is deprecated, use preg_replace_callback instead ThinkTemplate.class.php 第 406 行.
[ 2016-11-22T14:42:31+08:00 ] /index.php?a=indexx&m=index&gameid=485 | NOTIC: [8192] preg_replace(): The /e modifier is deprecated, use preg_replace_callback instead ThinkTemplate.class.php 第 406 行.
[ 2016-11-22T14:42:31+08:00 ] /index.php?a=indexx&m=index&gameid=485 | NOTIC: [8192] preg_replace(): The /e modifier is deprecated, use preg_replace_callback instead ThinkTemplate.class.php 第 406 行.
[ 2016-11-22T14:42:31+08:00 ] /index.php?a=indexx&m=index&gameid=485 | NOTIC: [8192] preg_replace(): The /e modifier is deprecated, use preg_replace_callback instead ThinkTemplate.class.php 第 406 行.
[ 2016-11-22T14:42:31+08:00 ] /index.php?a=indexx&m=index&gameid=485 | NOTIC: [8192] preg_replace(): The /e modifier is deprecated, use preg_replace_callback instead ThinkTemplate.class.php 第 406 行.
[ 2016-11-22T14:42:31+08:00 ] /index.php?a=indexx&m=index&gameid=485 | NOTIC: [8192] preg_replace(): The /e modifier is deprecated, use preg_replace_callback instead ThinkTemplate.class.php 第 406 行.
[ 2016-11-22T14:42:31+08:00 ] /index.php?a=indexx&m=index&gameid=485 | NOTIC: [8192] preg_replace(): The /e modifier is deprecated, use preg_replace_callback instead ThinkTemplate.class.php 第 406 行.
[ 2016-11-22T14:42:31+08:00 ] /index.php?a=indexx&m=index&gameid=485 | NOTIC: [8192] preg_replace(): The /e modifier is deprecated, use preg_replace_callback instead ThinkTemplate.class.php 第 406 行.
[ 2016-11-22T14:42:31+08:00 ] /index.php?a=indexx&m=index&gameid=485 | NOTIC: [8192] preg_replace(): The /e modifier is deprecated, use preg_replace_callback instead ThinkTemplate.class.php 第 406 行.
[ 2016-11-22T14:42:31+08:00 ] /index.php?a=indexx&m=index&gameid=485 | NOTIC: [8192] preg_replace(): The /e modifier is deprecated, use preg_replace_callback instead ThinkTemplate.class.php 第 406 行.
[ 2016-11-22T14:42:31+08:00 ] /index.php?a=indexx&m=index&gameid=485 | NOTIC: [8192] preg_replace(): The /e modifier is deprecated, use preg_replace_callback instead ThinkTemplate.class.php 第 406 行.
[ 2016-11-22T14:42:31+08:00 ] /index.php?a=indexx&m=index&gameid=485 | NOTIC: [8192] preg_replace(): The /e modifier is deprecated, use preg_replace_callback instead ThinkTemplate.class.php 第 406 行.
[ 2016-11-22T14:42:31+08:00 ] /index.php?a=indexx&m=index&gameid=485 | NOTIC: [8192] preg_replace(): The /e modifier is deprecated, use preg_replace_callback instead ThinkTemplate.class.php 第 406 行.
[ 2016-11-22T14:42:31+08:00 ] /index.php?a=indexx&m=index&gameid=485 | NOTIC: [8192] preg_replace(): The /e modifier is deprecated, use preg_replace_callback instead ThinkTemplate.class.php 第 406 行.
[ 2016-11-22T14:42:31+08:00 ] /index.php?a=indexx&m=index&gameid=485 | NOTIC: [8192] preg_replace(): The /e modifier is deprecated, use preg_replace_callback instead ThinkTemplate.class.php 第 406 行.
[ 2016-11-22T14:42:31+08:00 ] /index.php?a=indexx&m=index&gameid=485 | NOTIC: [8192] preg_replace(): The /e modifier is deprecated, use preg_replace_callback instead ThinkTemplate.class.php 第 406 行.
[ 2016-11-22T14:42:31+08:00 ] /index.php?a=indexx&m=index&gameid=485 | NOTIC: [8192] preg_replace(): The /e modifier is deprecated, use preg_replace_callback instead ThinkTemplate.class.php 第 406 行.
[ 2016-11-22T14:42:31+08:00 ] /index.php?a=indexx&m=index&gameid=485 | NOTIC: [8192] preg_replace(): The /e modifier is deprecated, use preg_replace_callback instead ThinkTemplate.class.php 第 402 行.
[ 2016-11-22T14:42:31+08:00 ] /index.php?a=indexx&m=index&gameid=485 | NOTIC: [8192] preg_replace(): The /e modifier is deprecated, use preg_replace_callback instead ThinkTemplate.class.php 第 402 行.
[ 2016-11-22T14:42:31+08:00 ] /index.php?a=indexx&m=index&gameid=485 | NOTIC: [8192] preg_replace(): The /e modifier is deprecated, use preg_replace_callback instead ThinkTemplate.class.php 第 402 行.
[ 2016-11-22T14:42:31+08:00 ] /index.php?a=indexx&m=index&gameid=485 | NOTIC: [8192] preg_replace(): The /e modifier is deprecated, use preg_replace_callback instead ThinkTemplate.class.php 第 402 行.
[ 2016-11-22T14:42:31+08:00 ] /index.php?a=indexx&m=index&gameid=485 | NOTIC: [8192] preg_replace(): The /e modifier is deprecated, use preg_replace_callback instead ThinkTemplate.class.php 第 402 行.
[ 2016-11-22T14:42:31+08:00 ] /index.php?a=indexx&m=index&gameid=485 | NOTIC: [8192] preg_replace(): The /e modifier is deprecated, use preg_replace_callback instead ThinkTemplate.class.php 第 402 行.
[ 2016-11-22T14:42:31+08:00 ] /index.php?a=indexx&m=index&gameid=485 | NOTIC: [8192] preg_replace(): The /e modifier is deprecated, use preg_replace_callback instead ThinkTemplate.class.php 第 406 行.
[ 2016-11-22T14:42:31+08:00 ] /index.php?a=indexx&m=index&gameid=485 | NOTIC: [8192] preg_replace(): The /e modifier is deprecated, use preg_replace_callback instead ThinkTemplate.class.php 第 406 行.
[ 2016-11-22T14:42:31+08:00 ] /index.php?a=indexx&m=index&gameid=485 | NOTIC: [8192] preg_replace(): The /e modifier is deprecated, use preg_replace_callback instead ThinkTemplate.class.php 第 406 行.
[ 2016-11-22T14:42:31+08:00 ] /index.php?a=indexx&m=index&gameid=485 | NOTIC: [8192] preg_replace(): The /e modifier is deprecated, use preg_replace_callback instead ThinkTemplate.class.php 第 220 行.
[ 2016-11-22T14:42:31+08:00 ] /index.php?a=indexx&m=index&gameid=485 | NOTIC: [8192] preg_replace(): The /e modifier is deprecated, use preg_replace_callback instead ThinkTemplate.class.php 第 406 行.
[ 2016-11-22T14:42:31+08:00 ] /index.php?a=indexx&m=index&gameid=485 | NOTIC: [8192] preg_replace(): The /e modifier is deprecated, use preg_replace_callback instead ThinkTemplate.class.php 第 406 行.
[ 2016-11-22T14:42:31+08:00 ] /index.php?a=indexx&m=index&gameid=485 | NOTIC: [8192] preg_replace(): The /e modifier is deprecated, use preg_replace_callback instead ThinkTemplate.class.php 第 406 行.
[ 2016-11-22T14:42:31+08:00 ] /index.php?a=indexx&m=index&gameid=485 | NOTIC: [8192] preg_replace(): The /e modifier is deprecated, use preg_replace_callback instead ThinkTemplate.class.php 第 406 行.
[ 2016-11-22T14:42:31+08:00 ] /index.php?a=indexx&m=index&gameid=485 | NOTIC: [8192] preg_replace(): The /e modifier is deprecated, use preg_replace_callback instead ThinkTemplate.class.php 第 406 行.
[ 2016-11-22T14:42:31+08:00 ] /index.php?a=indexx&m=index&gameid=485 | NOTIC: [8192] preg_replace(): The /e modifier is deprecated, use preg_replace_callback instead ThinkTemplate.class.php 第 406 行.
[ 2016-11-22T14:42:31+08:00 ] /index.php?a=indexx&m=index&gameid=485 | NOTIC: [8192] preg_replace(): The /e modifier is deprecated, use preg_replace_callback instead ThinkTemplate.class.php 第 406 行.
[ 2016-11-22T14:42:31+08:00 ] /index.php?a=indexx&m=index&gameid=485 | NOTIC: [8192] preg_replace(): The /e modifier is deprecated, use preg_replace_callback instead ThinkTemplate.class.php 第 402 行.
[ 2016-11-22T14:42:31+08:00 ] /index.php?a=indexx&m=index&gameid=485 | NOTIC: [8192] preg_replace(): The /e modifier is deprecated, use preg_replace_callback instead ThinkTemplate.class.php 第 402 行.
[ 2016-11-22T14:42:31+08:00 ] /index.php?a=indexx&m=index&gameid=485 | NOTIC: [8192] preg_replace(): The /e modifier is deprecated, use preg_replace_callback instead ThinkTemplate.class.php 第 406 行.
[ 2016-11-22T14:42:31+08:00 ] /index.php?a=indexx&m=index&gameid=485 | NOTIC: [8192] preg_replace(): The /e modifier is deprecated, use preg_replace_callback instead ThinkTemplate.class.php 第 406 行.
[ 2016-11-22T14:42:31+08:00 ] /index.php?a=indexx&m=index&gameid=485 | NOTIC: [8192] preg_replace(): The /e modifier is deprecated, use preg_replace_callback instead ThinkTemplate.class.php 第 406 行.
[ 2016-11-22T14:42:31+08:00 ] /index.php?a=indexx&m=index&gameid=485 | NOTIC: [8192] preg_replace(): The /e modifier is deprecated, use preg_replace_callback instead ThinkTemplate.class.php 第 402 行.
[ 2016-11-22T14:42:31+08:00 ] /index.php?a=indexx&m=index&gameid=485 | NOTIC: [8192] preg_replace(): The /e modifier is deprecated, use preg_replace_callback instead ThinkTemplate.class.php 第 406 行.
[ 2016-11-22T14:42:31+08:00 ] /index.php?a=indexx&m=index&gameid=485 | NOTIC: [8192] preg_replace(): The /e modifier is deprecated, use preg_replace_callback instead ThinkTemplate.class.php 第 406 行.
[ 2016-11-22T14:42:31+08:00 ] /index.php?a=indexx&m=index&gameid=485 | NOTIC: [8192] preg_replace(): The /e modifier is deprecated, use preg_replace_callback instead ThinkTemplate.class.php 第 406 行.
[ 2016-11-22T14:42:31+08:00 ] /index.php?a=indexx&m=index&gameid=485 | NOTIC: [8192] preg_replace(): The /e modifier is deprecated, use preg_replace_callback instead ThinkTemplate.class.php 第 406 行.
[ 2016-11-22T14:42:31+08:00 ] /index.php?a=indexx&m=index&gameid=485 | NOTIC: [8192] preg_replace(): The /e modifier is deprecated, use preg_replace_callback instead ThinkTemplate.class.php 第 406 行.
[ 2016-11-22T14:42:31+08:00 ] /index.php?a=indexx&m=index&gameid=485 | NOTIC: [8192] preg_replace(): The /e modifier is deprecated, use preg_replace_callback instead ThinkTemplate.class.php 第 406 行.
[ 2016-11-22T14:42:31+08:00 ] /index.php?a=indexx&m=index&gameid=485 | NOTIC: [8192] preg_replace(): The /e modifier is deprecated, use preg_replace_callback instead ThinkTemplate.class.php 第 406 行.
[ 2016-11-22T14:42:31+08:00 ] /index.php?a=indexx&m=index&gameid=485 | NOTIC: [8192] preg_replace(): The /e modifier is deprecated, use preg_replace_callback instead ThinkTemplate.class.php 第 406 行.
[ 2016-11-22T14:42:31+08:00 ] /index.php?a=indexx&m=index&gameid=485 | NOTIC: [8192] preg_replace(): The /e modifier is deprecated, use preg_replace_callback instead ThinkTemplate.class.php 第 406 行.
[ 2016-11-22T14:42:31+08:00 ] /index.php?a=indexx&m=index&gameid=485 | NOTIC: [8192] preg_replace(): The /e modifier is deprecated, use preg_replace_callback instead ThinkTemplate.class.php 第 406 行.
[ 2016-11-22T14:42:31+08:00 ] /index.php?a=indexx&m=index&gameid=485 | NOTIC: [8192] preg_replace(): The /e modifier is deprecated, use preg_replace_callback instead ThinkTemplate.class.php 第 406 行.
[ 2016-11-22T14:42:31+08:00 ] /index.php?a=indexx&m=index&gameid=485 | NOTIC: [8192] preg_replace(): The /e modifier is deprecated, use preg_replace_callback instead ThinkTemplate.class.php 第 406 行.
[ 2016-11-22T14:42:31+08:00 ] /index.php?a=indexx&m=index&gameid=485 | NOTIC: [8192] preg_replace(): The /e modifier is deprecated, use preg_replace_callback instead ThinkTemplate.class.php 第 406 行.
[ 2016-11-22T14:42:31+08:00 ] /index.php?a=indexx&m=index&gameid=485 | NOTIC: [8192] preg_replace(): The /e modifier is deprecated, use preg_replace_callback instead ThinkTemplate.class.php 第 406 行.
[ 2016-11-22T14:42:31+08:00 ] /index.php?a=indexx&m=index&gameid=485 | NOTIC: [8192] preg_replace(): The /e modifier is deprecated, use preg_replace_callback instead ThinkTemplate.class.php 第 406 行.
[ 2016-11-22T14:42:31+08:00 ] /index.php?a=indexx&m=index&gameid=485 | NOTIC: [8192] preg_replace(): The /e modifier is deprecated, use preg_replace_callback instead ThinkTemplate.class.php 第 406 行.
[ 2016-11-22T14:42:31+08:00 ] /index.php?a=indexx&m=index&gameid=485 | NOTIC: [8192] preg_replace(): The /e modifier is deprecated, use preg_replace_callback instead ThinkTemplate.class.php 第 406 行.
[ 2016-11-22T14:42:31+08:00 ] /index.php?a=indexx&m=index&gameid=485 | NOTIC: [8192] preg_replace(): The /e modifier is deprecated, use preg_replace_callback instead ThinkTemplate.class.php 第 406 行.
[ 2016-11-22T14:42:31+08:00 ] /index.php?a=indexx&m=index&gameid=485 | NOTIC: [8192] preg_replace(): The /e modifier is deprecated, use preg_replace_callback instead ThinkTemplate.class.php 第 406 行.
[ 2016-11-22T14:42:31+08:00 ] /index.php?a=indexx&m=index&gameid=485 | NOTIC: [8192] preg_replace(): The /e modifier is deprecated, use preg_replace_callback instead ThinkTemplate.class.php 第 406 行.
[ 2016-11-22T14:42:31+08:00 ] /index.php?a=indexx&m=index&gameid=485 | NOTIC: [8192] preg_replace(): The /e modifier is deprecated, use preg_replace_callback instead ThinkTemplate.class.php 第 406 行.
[ 2016-11-22T14:42:31+08:00 ] /index.php?a=indexx&m=index&gameid=485 | NOTIC: [8192] preg_replace(): The /e modifier is deprecated, use preg_replace_callback instead ThinkTemplate.class.php 第 406 行.
[ 2016-11-22T14:42:31+08:00 ] /index.php?a=indexx&m=index&gameid=485 | NOTIC: [8192] preg_replace(): The /e modifier is deprecated, use preg_replace_callback instead ThinkTemplate.class.php 第 406 行.
[ 2016-11-22T14:42:31+08:00 ] /index.php?a=indexx&m=index&gameid=485 | NOTIC: [8192] preg_replace(): The /e modifier is deprecated, use preg_replace_callback instead ThinkTemplate.class.php 第 406 行.
[ 2016-11-22T14:42:31+08:00 ] /index.php?a=indexx&m=index&gameid=485 | NOTIC: [8192] preg_replace(): The /e modifier is deprecated, use preg_replace_callback instead ThinkTemplate.class.php 第 406 行.
[ 2016-11-22T14:42:31+08:00 ] /index.php?a=indexx&m=index&gameid=485 | NOTIC: [8192] preg_replace(): The /e modifier is deprecated, use preg_replace_callback instead ThinkTemplate.class.php 第 406 行.
[ 2016-11-22T14:42:31+08:00 ] /index.php?a=indexx&m=index&gameid=485 | NOTIC: [8192] preg_replace(): The /e modifier is deprecated, use preg_replace_callback instead ThinkTemplate.class.php 第 406 行.
[ 2016-11-22T14:42:31+08:00 ] /index.php?a=indexx&m=index&gameid=485 | NOTIC: [8192] preg_replace(): The /e modifier is deprecated, use preg_replace_callback instead ThinkTemplate.class.php 第 406 行.
[ 2016-11-22T14:42:31+08:00 ] /index.php?a=indexx&m=index&gameid=485 | NOTIC: [8192] preg_replace(): The /e modifier is deprecated, use preg_replace_callback instead ThinkTemplate.class.php 第 406 行.
[ 2016-11-22T14:42:31+08:00 ] /index.php?a=indexx&m=index&gameid=485 | NOTIC: [8192] preg_replace(): The /e modifier is deprecated, use preg_replace_callback instead ThinkTemplate.class.php 第 406 行.
[ 2016-11-22T14:42:31+08:00 ] /index.php?a=indexx&m=index&gameid=485 | NOTIC: [8192] preg_replace(): The /e modifier is deprecated, use preg_replace_callback instead ThinkTemplate.class.php 第 406 行.
[ 2016-11-22T14:42:31+08:00 ] /index.php?a=indexx&m=index&gameid=485 | NOTIC: [8192] preg_replace(): The /e modifier is deprecated, use preg_replace_callback instead ThinkTemplate.class.php 第 406 行.
[ 2016-11-22T14:42:31+08:00 ] /index.php?a=indexx&m=index&gameid=485 | NOTIC: [8192] preg_replace(): The /e modifier is deprecated, use preg_replace_callback instead ThinkTemplate.class.php 第 406 行.
[ 2016-11-22T14:42:31+08:00 ] /index.php?a=indexx&m=index&gameid=485 | NOTIC: [8192] preg_replace(): The /e modifier is deprecated, use preg_replace_callback instead ThinkTemplate.class.php 第 406 行.
[ 2016-11-22T14:42:31+08:00 ] /index.php?a=indexx&m=index&gameid=485 | NOTIC: [8192] preg_replace(): The /e modifier is deprecated, use preg_replace_callback instead ThinkTemplate.class.php 第 406 行.
[ 2016-11-22T14:42:31+08:00 ] /index.php?a=indexx&m=index&gameid=485 | NOTIC: [8192] preg_replace(): The /e modifier is deprecated, use preg_replace_callback instead ThinkTemplate.class.php 第 406 行.
[ 2016-11-22T14:42:31+08:00 ] /index.php?a=indexx&m=index&gameid=485 | NOTIC: [8192] preg_replace(): The /e modifier is deprecated, use preg_replace_callback instead ThinkTemplate.class.php 第 406 行.
[ 2016-11-22T14:42:31+08:00 ] /index.php?a=indexx&m=index&gameid=485 | NOTIC: [8192] preg_replace(): The /e modifier is deprecated, use preg_replace_callback instead ThinkTemplate.class.php 第 406 行.
[ 2016-11-22T14:42:31+08:00 ] /index.php?a=indexx&m=index&gameid=485 | NOTIC: [8192] preg_replace(): The /e modifier is deprecated, use preg_replace_callback instead ThinkTemplate.class.php 第 406 行.
[ 2016-11-22T14:42:31+08:00 ] /index.php?a=indexx&m=index&gameid=485 | NOTIC: [8192] preg_replace(): The /e modifier is deprecated, use preg_replace_callback instead ThinkTemplate.class.php 第 406 行.
[ 2016-11-22T14:42:31+08:00 ] /index.php?a=indexx&m=index&gameid=485 | NOTIC: [8192] preg_replace(): The /e modifier is deprecated, use preg_replace_callback instead ThinkTemplate.class.php 第 406 行.
[ 2016-11-22T14:42:31+08:00 ] /index.php?a=indexx&m=index&gameid=485 | NOTIC: [8192] preg_replace(): The /e modifier is deprecated, use preg_replace_callback instead ThinkTemplate.class.php 第 406 行.
[ 2016-11-22T14:42:31+08:00 ] /index.php?a=indexx&m=index&gameid=485 | NOTIC: [8192] preg_replace(): The /e modifier is deprecated, use preg_replace_callback instead ThinkTemplate.class.php 第 406 行.
[ 2016-11-22T14:42:31+08:00 ] /index.php?a=indexx&m=index&gameid=485 | NOTIC: [8192] preg_replace(): The /e modifier is deprecated, use preg_replace_callback instead ThinkTemplate.class.php 第 406 行.
[ 2016-11-22T14:42:31+08:00 ] /index.php?a=indexx&m=index&gameid=485 | NOTIC: [8192] preg_replace(): The /e modifier is deprecated, use preg_replace_callback instead ThinkTemplate.class.php 第 406 行.
[ 2016-11-22T14:42:31+08:00 ] /index.php?a=indexx&m=index&gameid=485 | NOTIC: [8192] preg_replace(): The /e modifier is deprecated, use preg_replace_callback instead ThinkTemplate.class.php 第 406 行.
[ 2016-11-22T14:42:31+08:00 ] /index.php?a=indexx&m=index&gameid=485 | NOTIC: [8192] preg_replace(): The /e modifier is deprecated, use preg_replace_callback instead ThinkTemplate.class.php 第 406 行.
[ 2016-11-22T14:42:31+08:00 ] /index.php?a=indexx&m=index&gameid=485 | NOTIC: [8192] preg_replace(): The /e modifier is deprecated, use preg_replace_callback instead ThinkTemplate.class.php 第 406 行.
[ 2016-11-22T14:42:31+08:00 ] /index.php?a=indexx&m=index&gameid=485 | NOTIC: [8192] preg_replace(): The /e modifier is deprecated, use preg_replace_callback instead ThinkTemplate.class.php 第 406 行.
[ 2016-11-22T14:42:31+08:00 ] /index.php?a=indexx&m=index&gameid=485 | NOTIC: [8192] preg_replace(): The /e modifier is deprecated, use preg_replace_callback instead ThinkTemplate.class.php 第 406 行.
[ 2016-11-22T14:42:31+08:00 ] /index.php?a=indexx&m=index&gameid=485 | NOTIC: [8192] preg_replace(): The /e modifier is deprecated, use preg_replace_callback instead ThinkTemplate.class.php 第 406 行.
[ 2016-11-22T14:42:31+08:00 ] /index.php?a=indexx&m=index&gameid=485 | NOTIC: [8192] preg_replace(): The /e modifier is deprecated, use preg_replace_callback instead ThinkTemplate.class.php 第 406 行.
[ 2016-11-22T14:42:31+08:00 ] /index.php?a=indexx&m=index&gameid=485 | NOTIC: [8192] preg_replace(): The /e modifier is deprecated, use preg_replace_callback instead ThinkTemplate.class.php 第 406 行.
[ 2016-11-22T14:42:31+08:00 ] /index.php?a=indexx&m=index&gameid=485 | NOTIC: [8192] preg_replace(): The /e modifier is deprecated, use preg_replace_callback instead ThinkTemplate.class.php 第 406 行.
[ 2016-11-22T14:42:31+08:00 ] /index.php?a=indexx&m=index&gameid=485 | NOTIC: [8192] preg_replace(): The /e modifier is deprecated, use preg_replace_callback instead ThinkTemplate.class.php 第 406 行.
[ 2016-11-22T14:42:31+08:00 ] /index.php?a=indexx&m=index&gameid=485 | NOTIC: [8192] preg_replace(): The /e modifier is deprecated, use preg_replace_callback instead ThinkTemplate.class.php 第 406 行.
[ 2016-11-22T14:42:31+08:00 ] /index.php?a=indexx&m=index&gameid=485 | NOTIC: [8192] preg_replace(): The /e modifier is deprecated, use preg_replace_callback instead ThinkTemplate.class.php 第 406 行.
[ 2016-11-22T14:42:31+08:00 ] /index.php?a=indexx&m=index&gameid=485 | NOTIC: [8192] preg_replace(): The /e modifier is deprecated, use preg_replace_callback instead ThinkTemplate.class.php 第 406 行.
[ 2016-11-22T14:42:31+08:00 ] /index.php?a=indexx&m=index&gameid=485 | NOTIC: [8192] preg_replace(): The /e modifier is deprecated, use preg_replace_callback instead ThinkTemplate.class.php 第 406 行.
[ 2016-11-22T14:42:31+08:00 ] /index.php?a=indexx&m=index&gameid=485 | NOTIC: [8192] preg_replace(): The /e modifier is deprecated, use preg_replace_callback instead ThinkTemplate.class.php 第 406 行.
[ 2016-11-22T14:42:31+08:00 ] /index.php?a=indexx&m=index&gameid=485 | NOTIC: [8192] preg_replace(): The /e modifier is deprecated, use preg_replace_callback instead ThinkTemplate.class.php 第 406 行.
[ 2016-11-22T14:42:31+08:00 ] /index.php?a=indexx&m=index&gameid=485 | NOTIC: [8192] preg_replace(): The /e modifier is deprecated, use preg_replace_callback instead ThinkTemplate.class.php 第 406 行.
[ 2016-11-22T14:42:31+08:00 ] /index.php?a=indexx&m=index&gameid=485 | NOTIC: [8192] preg_replace(): The /e modifier is deprecated, use preg_replace_callback instead ThinkTemplate.class.php 第 406 行.
[ 2016-11-22T14:42:31+08:00 ] /index.php?a=indexx&m=index&gameid=485 | NOTIC: [8192] preg_replace(): The /e modifier is deprecated, use preg_replace_callback instead ThinkTemplate.class.php 第 406 行.
[ 2016-11-22T14:42:31+08:00 ] /index.php?a=indexx&m=index&gameid=485 | NOTIC: [8192] preg_replace(): The /e modifier is deprecated, use preg_replace_callback instead ThinkTemplate.class.php 第 406 行.
[ 2016-11-22T14:42:31+08:00 ] /index.php?a=indexx&m=index&gameid=485 | NOTIC: [8192] preg_replace(): The /e modifier is deprecated, use preg_replace_callback instead ThinkTemplate.class.php 第 406 行.
[ 2016-11-22T14:42:31+08:00 ] /index.php?a=indexx&m=index&gameid=485 | NOTIC: [8192] preg_replace(): The /e modifier is deprecated, use preg_replace_callback instead ThinkTemplate.class.php 第 402 行.
[ 2016-11-22T14:42:31+08:00 ] /index.php?a=indexx&m=index&gameid=485 | NOTIC: [8192] preg_replace(): The /e modifier is deprecated, use preg_replace_callback instead ThinkTemplate.class.php 第 402 行.
[ 2016-11-22T14:42:31+08:00 ] /index.php?a=indexx&m=index&gameid=485 | NOTIC: [8192] preg_replace(): The /e modifier is deprecated, use preg_replace_callback instead ThinkTemplate.class.php 第 402 行.
[ 2016-11-22T14:42:31+08:00 ] /index.php?a=indexx&m=index&gameid=485 | NOTIC: [8192] preg_replace(): The /e modifier is deprecated, use preg_replace_callback instead ThinkTemplate.class.php 第 402 行.
[ 2016-11-22T14:42:31+08:00 ] /index.php?a=indexx&m=index&gameid=485 | NOTIC: [8192] preg_replace(): The /e modifier is deprecated, use preg_replace_callback instead ThinkTemplate.class.php 第 402 行.
[ 2016-11-22T14:42:31+08:00 ] /index.php?a=indexx&m=index&gameid=485 | NOTIC: [8192] preg_replace(): The /e modifier is deprecated, use preg_replace_callback instead ThinkTemplate.class.php 第 402 行.
[ 2016-11-22T14:42:31+08:00 ] /index.php?a=indexx&m=index&gameid=485 | NOTIC: [8192] preg_replace(): The /e modifier is deprecated, use preg_replace_callback instead ThinkTemplate.class.php 第 406 行.
[ 2016-11-22T14:42:31+08:00 ] /index.php?a=indexx&m=index&gameid=485 | NOTIC: [8192] preg_replace(): The /e modifier is deprecated, use preg_replace_callback instead ThinkTemplate.class.php 第 406 行.
[ 2016-11-22T14:42:31+08:00 ] /index.php?a=indexx&m=index&gameid=485 | NOTIC: [8192] preg_replace(): The /e modifier is deprecated, use preg_replace_callback instead ThinkTemplate.class.php 第 406 行.
[ 2016-11-22T14:42:31+08:00 ] /index.php?a=indexx&m=index&gameid=485 | NOTIC: [8192] preg_replace(): The /e modifier is deprecated, use preg_replace_callback instead ThinkTemplate.class.php 第 220 行.
[ 2016-11-22T14:42:31+08:00 ] /index.php?a=indexx&m=index&gameid=485 | NOTIC: [8192] preg_replace(): The /e modifier is deprecated, use preg_replace_callback instead ThinkTemplate.class.php 第 154 行.
[ 2016-11-22T14:42:31+08:00 ] /index.php?a=indexx&m=index&gameid=485 | NOTIC: [8] Use of undefined constant fid - assumed 'fid' 3bd0289dca5aca0206dd8163c515c43d.php 第 61 行.
[ 2016-11-22T14:42:31+08:00 ] /index.php?a=indexx&m=index&gameid=485 | NOTIC: [8] Undefined variable: new_qdnum 3bd0289dca5aca0206dd8163c515c43d.php 第 341 行.
[ 2016-11-22T14:42:31+08:00 ] /index.php?a=indexx&m=index&gameid=485 | NOTIC: [8] Undefined variable: new_qdnum 3bd0289dca5aca0206dd8163c515c43d.php 第 343 行.
[ 2016-11-22T14:42:31+08:00 ] /index.php?a=indexx&m=index&gameid=485 | NOTIC: [8] Undefined variable: new_qdnum 3bd0289dca5aca0206dd8163c515c43d.php 第 345 行.
[ 2016-11-22T14:42:31+08:00 ] /index.php?a=indexx&m=index&gameid=485 | NOTIC: [8] Undefined variable: new_qdnum 3bd0289dca5aca0206dd8163c515c43d.php 第 349 行.
[ 2016-11-22T14:42:31+08:00 ] /index.php?a=indexx&m=index&gameid=485 | NOTIC: [8] Undefined variable: new_qdnum 3bd0289dca5aca0206dd8163c515c43d.php 第 351 行.
[ 2016-11-22T14:42:31+08:00 ] /index.php?a=indexx&m=index&gameid=485 | NOTIC: [8] Undefined variable: new_qdnum 3bd0289dca5aca0206dd8163c515c43d.php 第 353 行.
[ 2016-11-22T14:42:31+08:00 ] /index.php?a=indexx&m=index&gameid=485 | NOTIC: [8] Use of undefined constant rmb - assumed 'rmb' 3bd0289dca5aca0206dd8163c515c43d.php 第 391 行.
[ 2016-11-22T14:42:31+08:00 ] /index.php?a=indexx&m=index&gameid=485 | INFO: Run ParseTemplate Behavior [ RunTime:0.021001s ]
[ 2016-11-22T14:42:31+08:00 ] /index.php?a=indexx&m=index&gameid=485 | INFO: Tag[ view_parse ] --END-- [ RunTime:0.021001s ]
[ 2016-11-22T14:42:31+08:00 ] /index.php?a=indexx&m=index&gameid=485 | INFO: Tag[ view_filter ] --START--
[ 2016-11-22T14:42:31+08:00 ] /index.php?a=indexx&m=index&gameid=485 | INFO: Run ContentReplace Behavior [ RunTime:0.000000s ]
[ 2016-11-22T14:42:31+08:00 ] /index.php?a=indexx&m=index&gameid=485 | INFO: Run TokenBuild Behavior [ RunTime:0.001000s ]
[ 2016-11-22T14:42:31+08:00 ] /index.php?a=indexx&m=index&gameid=485 | INFO: Run WriteHtmlCache Behavior [ RunTime:0.001000s ]
[ 2016-11-22T14:42:31+08:00 ] /index.php?a=indexx&m=index&gameid=485 | INFO: Run ShowRuntime Behavior [ RunTime:0.000000s ]
[ 2016-11-22T14:42:31+08:00 ] /index.php?a=indexx&m=index&gameid=485 | INFO: Tag[ view_filter ] --END-- [ RunTime:0.002000s ]
[ 2016-11-22T14:42:31+08:00 ] /index.php?a=indexx&m=index&gameid=485 | INFO: Tag[ view_end ] --START--
[ 2016-11-22T14:42:31+08:00 ] /index.php?a=indexx&m=index&gameid=485 | INFO: Run ShowPageTrace Behavior [ RunTime:0.000000s ]
[ 2016-11-22T14:42:31+08:00 ] /index.php?a=indexx&m=index&gameid=485 | INFO: Tag[ view_end ] --END-- [ RunTime:0.001000s ]
